# JRE version: OpenJDK Runtime Environment (8.0_131-b11) (build 1.8.0_131-8u131-b11-2ubuntu1.16.04.3-b11)
# Java VM: OpenJDK 64-Bit Server VM (25.131-b11 mixed mode linux-amd64 compressed oops)
Heap:
 PSYoungGen      total 35328K, used 30019K [0x00000000eb500000, 0x00000000efa00000, 0x0000000100000000)
  eden space 32768K, 83% used [0x00000000eb500000,0x00000000ecfd81f8,0x00000000ed500000)
  from space 2560K, 98% used [0x00000000ed500000,0x00000000ed778d60,0x00000000ed780000)
  to   space 2560K, 0% used [0x00000000ef780000,0x00000000ef780000,0x00000000efa00000)
 ParOldGen       total 84992K, used 43571K [0x00000000c1e00000, 0x00000000c7100000, 0x00000000eb500000)
  object space 84992K, 51% used [0x00000000c1e00000,0x00000000c488cf90,0x00000000c7100000)
 Metaspace       used 9917K, capacity 10156K, committed 10368K, reserved 1058816K
  class space    used 1056K, capacity 1128K, committed 1152K, reserved 1048576K
GC Heap History (8 events):
Event: 0,586 GC heap before
{Heap before GC invocations=1 (full 0):
 PSYoungGen      total 18944K, used 16384K [0x00000000eb500000, 0x00000000eca00000, 0x0000000100000000)
  eden space 16384K, 100% used [0x00000000eb500000,0x00000000ec500000,0x00000000ec500000)
  from space 2560K, 0% used [0x00000000ec780000,0x00000000ec780000,0x00000000eca00000)
  to   space 2560K, 0% used [0x00000000ec500000,0x00000000ec500000,0x00000000ec780000)
 ParOldGen       total 44032K, used 17578K [0x00000000c1e00000, 0x00000000c4900000, 0x00000000eb500000)
  object space 44032K, 39% used [0x00000000c1e00000,0x00000000c2f2a8a0,0x00000000c4900000)
 Metaspace       used 8119K, capacity 8312K, committed 8448K, reserved 1056768K
  class space    used 872K, capacity 957K, committed 1024K, reserved 1048576K
Event: 0,593 GC heap after
Heap after GC invocations=1 (full 0):
 PSYoungGen      total 18944K, used 2117K [0x00000000eb500000, 0x00000000eda00000, 0x0000000100000000)
  eden space 16384K, 0% used [0x00000000eb500000,0x00000000eb500000,0x00000000ec500000)
  from space 2560K, 82% used [0x00000000ec500000,0x00000000ec7114e0,0x00000000ec780000)
  to   space 2560K, 0% used [0x00000000ed780000,0x00000000ed780000,0x00000000eda00000)
 ParOldGen       total 44032K, used 23445K [0x00000000c1e00000, 0x00000000c4900000, 0x00000000eb500000)
  object space 44032K, 53% used [0x00000000c1e00000,0x00000000c34e5630,0x00000000c4900000)
 Metaspace       used 8119K, capacity 8312K, committed 8448K, reserved 1056768K
  class space    used 872K, capacity 957K, committed 1024K, reserved 1048576K
}
Event: 0,870 GC heap before
{Heap before GC invocations=2 (full 0):
 PSYoungGen      total 18944K, used 18501K [0x00000000eb500000, 0x00000000eda00000, 0x0000000100000000)
  eden space 16384K, 100% used [0x00000000eb500000,0x00000000ec500000,0x00000000ec500000)
  from space 2560K, 82% used [0x00000000ec500000,0x00000000ec7114e0,0x00000000ec780000)
  to   space 2560K, 0% used [0x00000000ed780000,0x00000000ed780000,0x00000000eda00000)
 ParOldGen       total 44032K, used 23445K [0x00000000c1e00000, 0x00000000c4900000, 0x00000000eb500000)
  object space 44032K, 53% used [0x00000000c1e00000,0x00000000c34e5630,0x00000000c4900000)
 Metaspace       used 8160K, capacity 8312K, committed 8448K, reserved 1056768K
  class space    used 873K, capacity 957K, committed 1024K, reserved 1048576K
Event: 0,887 GC heap after
Heap after GC invocations=2 (full 0):
 PSYoungGen      total 35328K, used 2549K [0x00000000eb500000, 0x00000000eda00000, 0x0000000100000000)
  eden space 32768K, 0% used [0x00000000eb500000,0x00000000eb500000,0x00000000ed500000)
  from space 2560K, 99% used [0x00000000ed780000,0x00000000ed9fd4f0,0x00000000eda00000)
  to   space 2560K, 0% used [0x00000000ed500000,0x00000000ed500000,0x00000000ed780000)
 ParOldGen       total 44032K, used 32573K [0x00000000c1e00000, 0x00000000c4900000, 0x00000000eb500000)
  object space 44032K, 73% used [0x00000000c1e00000,0x00000000c3dcf650,0x00000000c4900000)
 Metaspace       used 8160K, capacity 8312K, committed 8448K, reserved 1056768K
  class space    used 873K, capacity 957K, committed 1024K, reserved 1048576K
}
Event: 1,266 GC heap before
{Heap before GC invocations=3 (full 0):
 PSYoungGen      total 35328K, used 35317K [0x00000000eb500000, 0x00000000eda00000, 0x0000000100000000)
  eden space 32768K, 100% used [0x00000000eb500000,0x00000000ed500000,0x00000000ed500000)
  from space 2560K, 99% used [0x00000000ed780000,0x00000000ed9fd4f0,0x00000000eda00000)
  to   space 2560K, 0% used [0x00000000ed500000,0x00000000ed500000,0x00000000ed780000)
 ParOldGen       total 44032K, used 32573K [0x00000000c1e00000, 0x00000000c4900000, 0x00000000eb500000)
  object space 44032K, 73% used [0x00000000c1e00000,0x00000000c3dcf650,0x00000000c4900000)
 Metaspace       used 8171K, capacity 8312K, committed 8448K, reserved 1056768K
  class space    used 873K, capacity 957K, committed 1024K, reserved 1048576K
Event: 1,288 GC heap after
Heap after GC invocations=3 (full 0):
 PSYoungGen      total 35328K, used 2560K [0x00000000eb500000, 0x00000000efa00000, 0x0000000100000000)
  eden space 32768K, 0% used [0x00000000eb500000,0x00000000eb500000,0x00000000ed500000)
  from space 2560K, 100% used [0x00000000ed500000,0x00000000ed780000,0x00000000ed780000)
  to   space 2560K, 0% used [0x00000000ef780000,0x00000000ef780000,0x00000000efa00000)
 ParOldGen       total 44032K, used 43880K [0x00000000c1e00000, 0x00000000c4900000, 0x00000000eb500000)
  object space 44032K, 99% used [0x00000000c1e00000,0x00000000c48da2d0,0x00000000c4900000)
 Metaspace       used 8171K, capacity 8312K, committed 8448K, reserved 1056768K
  class space    used 873K, capacity 957K, committed 1024K, reserved 1048576K
}
Event: 1,288 GC heap before
{Heap before GC invocations=4 (full 1):
 PSYoungGen      total 35328K, used 2560K [0x00000000eb500000, 0x00000000efa00000, 0x0000000100000000)
  eden space 32768K, 0% used [0x00000000eb500000,0x00000000eb500000,0x00000000ed500000)
  from space 2560K, 100% used [0x00000000ed500000,0x00000000ed780000,0x00000000ed780000)
  to   space 2560K, 0% used [0x00000000ef780000,0x00000000ef780000,0x00000000efa00000)
 ParOldGen       total 44032K, used 43880K [0x00000000c1e00000, 0x00000000c4900000, 0x00000000eb500000)
  object space 44032K, 99% used [0x00000000c1e00000,0x00000000c48da2d0,0x00000000c4900000)
 Metaspace       used 8171K, capacity 8312K, committed 8448K, reserved 1056768K
  class space    used 873K, capacity 957K, committed 1024K, reserved 1048576K
Event: 1,381 GC heap after
Heap after GC invocations=4 (full 1):
 PSYoungGen      total 35328K, used 2531K [0x00000000eb500000, 0x00000000efa00000, 0x0000000100000000)
  eden space 32768K, 0% used [0x00000000eb500000,0x00000000eb500000,0x00000000ed500000)
  from space 2560K, 98% used [0x00000000ed500000,0x00000000ed778d60,0x00000000ed780000)
  to   space 2560K, 0% used [0x00000000ef780000,0x00000000ef780000,0x00000000efa00000)
 ParOldGen       total 84992K, used 43571K [0x00000000c1e00000, 0x00000000c7100000, 0x00000000eb500000)
  object space 84992K, 51% used [0x00000000c1e00000,0x00000000c488cf90,0x00000000c7100000)
 Metaspace       used 8171K, capacity 8312K, committed 8448K, reserved 1056768K
  class space    used 873K, capacity 957K, committed 1024K, reserved 1048576K
}

