# JRE version: OpenJDK Runtime Environment (8.0_111-b14) (build 1.8.0_111-8u111-b14-2ubuntu0.16.04.2-b14)
# Java VM: OpenJDK 64-Bit Server VM (25.111-b14 mixed mode linux-amd64 compressed oops)
Heap:
 PSYoungGen      total 69120K, used 52347K [0x00000000eb500000, 0x00000000efc00000, 0x0000000100000000)
  eden space 65536K, 77% used [0x00000000eb500000,0x00000000ee692c20,0x00000000ef500000)
  from space 3584K, 44% used [0x00000000ef880000,0x00000000efa0c010,0x00000000efc00000)
  to   space 3584K, 0% used [0x00000000ef500000,0x00000000ef500000,0x00000000ef880000)
 ParOldGen       total 44032K, used 13752K [0x00000000c1e00000, 0x00000000c4900000, 0x00000000eb500000)
  object space 44032K, 31% used [0x00000000c1e00000,0x00000000c2b6e228,0x00000000c4900000)
 Metaspace       used 10920K, capacity 11035K, committed 11264K, reserved 1058816K
  class space    used 972K, capacity 1023K, committed 1024K, reserved 1048576K
GC Heap History (10 events):
Event: 1,467 GC heap before
{Heap before GC invocations=2 (full 0):
 PSYoungGen      total 18944K, used 18932K [0x00000000eb500000, 0x00000000eca00000, 0x0000000100000000)
  eden space 16384K, 100% used [0x00000000eb500000,0x00000000ec500000,0x00000000ec500000)
  from space 2560K, 99% used [0x00000000ec500000,0x00000000ec77d160,0x00000000ec780000)
  to   space 2560K, 0% used [0x00000000ec780000,0x00000000ec780000,0x00000000eca00000)
 ParOldGen       total 44032K, used 455K [0x00000000c1e00000, 0x00000000c4900000, 0x00000000eb500000)
  object space 44032K, 1% used [0x00000000c1e00000,0x00000000c1e71ce8,0x00000000c4900000)
 Metaspace       used 10761K, capacity 10971K, committed 11264K, reserved 1058816K
  class space    used 960K, capacity 1023K, committed 1024K, reserved 1048576K
Event: 1,473 GC heap after
Heap after GC invocations=2 (full 0):
 PSYoungGen      total 18944K, used 2528K [0x00000000eb500000, 0x00000000eca00000, 0x0000000100000000)
  eden space 16384K, 0% used [0x00000000eb500000,0x00000000eb500000,0x00000000ec500000)
  from space 2560K, 98% used [0x00000000ec780000,0x00000000ec9f8010,0x00000000eca00000)
  to   space 2560K, 0% used [0x00000000ec500000,0x00000000ec500000,0x00000000ec780000)
 ParOldGen       total 44032K, used 1108K [0x00000000c1e00000, 0x00000000c4900000, 0x00000000eb500000)
  object space 44032K, 2% used [0x00000000c1e00000,0x00000000c1f151e8,0x00000000c4900000)
 Metaspace       used 10761K, capacity 10971K, committed 11264K, reserved 1058816K
  class space    used 960K, capacity 1023K, committed 1024K, reserved 1048576K
}
Event: 1,494 GC heap before
{Heap before GC invocations=3 (full 0):
 PSYoungGen      total 18944K, used 18912K [0x00000000eb500000, 0x00000000eca00000, 0x0000000100000000)
  eden space 16384K, 100% used [0x00000000eb500000,0x00000000ec500000,0x00000000ec500000)
  from space 2560K, 98% used [0x00000000ec780000,0x00000000ec9f8010,0x00000000eca00000)
  to   space 2560K, 0% used [0x00000000ec500000,0x00000000ec500000,0x00000000ec780000)
 ParOldGen       total 44032K, used 1108K [0x00000000c1e00000, 0x00000000c4900000, 0x00000000eb500000)
  object space 44032K, 2% used [0x00000000c1e00000,0x00000000c1f151e8,0x00000000c4900000)
 Metaspace       used 10761K, capacity 10971K, committed 11264K, reserved 1058816K
  class space    used 960K, capacity 1023K, committed 1024K, reserved 1048576K
Event: 1,498 GC heap after
Heap after GC invocations=3 (full 0):
 PSYoungGen      total 18944K, used 2528K [0x00000000eb500000, 0x00000000eda00000, 0x0000000100000000)
  eden space 16384K, 0% used [0x00000000eb500000,0x00000000eb500000,0x00000000ec500000)
  from space 2560K, 98% used [0x00000000ec500000,0x00000000ec778010,0x00000000ec780000)
  to   space 2560K, 0% used [0x00000000ed780000,0x00000000ed780000,0x00000000eda00000)
 ParOldGen       total 44032K, used 1148K [0x00000000c1e00000, 0x00000000c4900000, 0x00000000eb500000)
  object space 44032K, 2% used [0x00000000c1e00000,0x00000000c1f1f1e8,0x00000000c4900000)
 Metaspace       used 10761K, capacity 10971K, committed 11264K, reserved 1058816K
  class space    used 960K, capacity 1023K, committed 1024K, reserved 1048576K
}
Event: 1,745 GC heap before
{Heap before GC invocations=4 (full 0):
 PSYoungGen      total 18944K, used 18912K [0x00000000eb500000, 0x00000000eda00000, 0x0000000100000000)
  eden space 16384K, 100% used [0x00000000eb500000,0x00000000ec500000,0x00000000ec500000)
  from space 2560K, 98% used [0x00000000ec500000,0x00000000ec778010,0x00000000ec780000)
  to   space 2560K, 0% used [0x00000000ed780000,0x00000000ed780000,0x00000000eda00000)
 ParOldGen       total 44032K, used 1148K [0x00000000c1e00000, 0x00000000c4900000, 0x00000000eb500000)
  object space 44032K, 2% used [0x00000000c1e00000,0x00000000c1f1f1e8,0x00000000c4900000)
 Metaspace       used 10822K, capacity 10971K, committed 11264K, reserved 1058816K
  class space    used 966K, capacity 1023K, committed 1024K, reserved 1048576K
Event: 1,750 GC heap after
Heap after GC invocations=4 (full 0):
 PSYoungGen      total 35328K, used 2545K [0x00000000eb500000, 0x00000000eda00000, 0x0000000100000000)
  eden space 32768K, 0% used [0x00000000eb500000,0x00000000eb500000,0x00000000ed500000)
  from space 2560K, 99% used [0x00000000ed780000,0x00000000ed9fc410,0x00000000eda00000)
  to   space 2560K, 0% used [0x00000000ed500000,0x00000000ed500000,0x00000000ed780000)
 ParOldGen       total 44032K, used 1408K [0x00000000c1e00000, 0x00000000c4900000, 0x00000000eb500000)
  object space 44032K, 3% used [0x00000000c1e00000,0x00000000c1f601f8,0x00000000c4900000)
 Metaspace       used 10822K, capacity 10971K, committed 11264K, reserved 1058816K
  class space    used 966K, capacity 1023K, committed 1024K, reserved 1048576K
}
Event: 1,809 GC heap before
{Heap before GC invocations=5 (full 0):
 PSYoungGen      total 35328K, used 35313K [0x00000000eb500000, 0x00000000eda00000, 0x0000000100000000)
  eden space 32768K, 100% used [0x00000000eb500000,0x00000000ed500000,0x00000000ed500000)
  from space 2560K, 99% used [0x00000000ed780000,0x00000000ed9fc410,0x00000000eda00000)
  to   space 2560K, 0% used [0x00000000ed500000,0x00000000ed500000,0x00000000ed780000)
 ParOldGen       total 44032K, used 1408K [0x00000000c1e00000, 0x00000000c4900000, 0x00000000eb500000)
  object space 44032K, 3% used [0x00000000c1e00000,0x00000000c1f601f8,0x00000000c4900000)
 Metaspace       used 10822K, capacity 10971K, committed 11264K, reserved 1058816K
  class space    used 966K, capacity 1023K, committed 1024K, reserved 1048576K
Event: 1,811 GC heap after
Heap after GC invocations=5 (full 0):
 PSYoungGen      total 35328K, used 2528K [0x00000000eb500000, 0x00000000efc00000, 0x0000000100000000)
  eden space 32768K, 0% used [0x00000000eb500000,0x00000000eb500000,0x00000000ed500000)
  from space 2560K, 98% used [0x00000000ed500000,0x00000000ed778010,0x00000000ed780000)
  to   space 3584K, 0% used [0x00000000ef880000,0x00000000ef880000,0x00000000efc00000)
 ParOldGen       total 44032K, used 1456K [0x00000000c1e00000, 0x00000000c4900000, 0x00000000eb500000)
  object space 44032K, 3% used [0x00000000c1e00000,0x00000000c1f6c1f8,0x00000000c4900000)
 Metaspace       used 10822K, capacity 10971K, committed 11264K, reserved 1058816K
  class space    used 966K, capacity 1023K, committed 1024K, reserved 1048576K
}
Event: 1,952 GC heap before
{Heap before GC invocations=6 (full 0):
 PSYoungGen      total 35328K, used 35296K [0x00000000eb500000, 0x00000000efc00000, 0x0000000100000000)
  eden space 32768K, 100% used [0x00000000eb500000,0x00000000ed500000,0x00000000ed500000)
  from space 2560K, 98% used [0x00000000ed500000,0x00000000ed778010,0x00000000ed780000)
  to   space 3584K, 0% used [0x00000000ef880000,0x00000000ef880000,0x00000000efc00000)
 ParOldGen       total 44032K, used 1456K [0x00000000c1e00000, 0x00000000c4900000, 0x00000000eb500000)
  object space 44032K, 3% used [0x00000000c1e00000,0x00000000c1f6c1f8,0x00000000c4900000)
 Metaspace       used 10917K, capacity 11035K, committed 11264K, reserved 1058816K
  class space    used 972K, capacity 1023K, committed 1024K, reserved 1048576K
Event: 1,962 GC heap after
Heap after GC invocations=6 (full 0):
 PSYoungGen      total 69120K, used 1584K [0x00000000eb500000, 0x00000000efc00000, 0x0000000100000000)
  eden space 65536K, 0% used [0x00000000eb500000,0x00000000eb500000,0x00000000ef500000)
  from space 3584K, 44% used [0x00000000ef880000,0x00000000efa0c010,0x00000000efc00000)
  to   space 3584K, 0% used [0x00000000ef500000,0x00000000ef500000,0x00000000ef880000)
 ParOldGen       total 44032K, used 13752K [0x00000000c1e00000, 0x00000000c4900000, 0x00000000eb500000)
  object space 44032K, 31% used [0x00000000c1e00000,0x00000000c2b6e228,0x00000000c4900000)
 Metaspace       used 10917K, capacity 11035K, committed 11264K, reserved 1058816K
  class space    used 972K, capacity 1023K, committed 1024K, reserved 1048576K
}

